android/app/build/intermediates/manifest_merge_blame_file/debug/processDebugMainManifest/manifest-merger-blame-debug-report.txt
1<?xml version="1.0" encoding="utf-8"?>
2<manifest xmlns:android="http://schemas.android.com/apk/res/android"
3    package="dev.nuagemagique.tsb"
4    android:versionCode="1"
5    android:versionName="1.0" >
6
7    <uses-sdk
8        android:minSdkVersion="24"
9        android:targetSdkVersion="36" />
10
11    <!-- Permissions -->
12
13    <uses-permission android:name="android.permission.INTERNET" />
13-->src/main/AndroidManifest.xml:41:5-67
13-->src/main/AndroidManifest.xml:41:22-64
14
15    <!--
16         Android 11+ package visibility: allow binding to the Sunmi built-in
17         printer AIDL service (woyou.aidlservice.jiuiv5).
18    -->
19    <queries>
19-->src/main/AndroidManifest.xml:45:5-50:15
20        <package android:name="woyou.aidlservice.jiuiv5" />
20-->src/main/AndroidManifest.xml:46:9-60
20-->src/main/AndroidManifest.xml:46:18-57
21
22        <intent>
22-->src/main/AndroidManifest.xml:47:9-49:18
23            <action android:name="woyou.aidlservice.jiuiv5.IWoyouService" />
23-->src/main/AndroidManifest.xml:48:13-77
23-->src/main/AndroidManifest.xml:48:21-74
24        </intent>
25    </queries>
26
27    <uses-permission android:name="android.permission.VIBRATE" />
27-->[:capacitor-haptics] AndroidManifest.xml:7:5-66
27-->[:capacitor-haptics] AndroidManifest.xml:7:22-63
28    <uses-permission android:name="android.permission.ACCESS_NETWORK_STATE" />
28-->[com.google.firebase:firebase-messaging:25.0.1] AndroidManifest.xml:22:5-79
28-->[com.google.firebase:firebase-messaging:25.0.1] AndroidManifest.xml:22:22-76
29    <uses-permission android:name="android.permission.POST_NOTIFICATIONS" />
29-->[com.google.firebase:firebase-messaging:25.0.1] AndroidManifest.xml:23:5-77
29-->[com.google.firebase:firebase-messaging:25.0.1] AndroidManifest.xml:23:22-74
30    <uses-permission android:name="android.permission.WAKE_LOCK" /> <!-- Required by older versions of Google Play services to create IID tokens -->
30-->[com.google.firebase:firebase-messaging:25.0.1] AndroidManifest.xml:24:5-68
30-->[com.google.firebase:firebase-messaging:25.0.1] AndroidManifest.xml:24:22-65
31    <uses-permission android:name="com.google.android.c2dm.permission.RECEIVE" />
31-->[com.google.firebase:firebase-messaging:25.0.1] AndroidManifest.xml:26:5-82
31-->[com.google.firebase:firebase-messaging:25.0.1] AndroidManifest.xml:26:22-79
32
33    <permission
33-->[androidx.core:core:1.17.0] AndroidManifest.xml:22:5-24:47
34        android:name="dev.nuagemagique.tsb.DYNAMIC_RECEIVER_NOT_EXPORTED_PERMISSION"
34-->[androidx.core:core:1.17.0] AndroidManifest.xml:23:9-81
35        android:protectionLevel="signature" />
35-->[androidx.core:core:1.17.0] AndroidManifest.xml:24:9-44
36
37    <uses-permission android:name="dev.nuagemagique.tsb.DYNAMIC_RECEIVER_NOT_EXPORTED_PERMISSION" />
37-->[androidx.core:core:1.17.0] AndroidManifest.xml:26:5-97
37-->[androidx.core:core:1.17.0] AndroidManifest.xml:26:22-94
38
39    <application
39-->src/main/AndroidManifest.xml:4:5-37:19
40        android:allowBackup="true"
40-->src/main/AndroidManifest.xml:5:9-35
41        android:appComponentFactory="androidx.core.app.CoreComponentFactory"
41-->[androidx.core:core:1.17.0] AndroidManifest.xml:28:18-86
42        android:debuggable="true"
43        android:extractNativeLibs="false"
44        android:icon="@mipmap/ic_launcher"
44-->src/main/AndroidManifest.xml:6:9-43
45        android:label="@string/app_name"
45-->src/main/AndroidManifest.xml:7:9-41
46        android:roundIcon="@mipmap/ic_launcher_round"
46-->src/main/AndroidManifest.xml:8:9-54
47        android:supportsRtl="true"
47-->src/main/AndroidManifest.xml:9:9-35
48        android:theme="@style/AppTheme" >
48-->src/main/AndroidManifest.xml:10:9-40
49        <activity
49-->src/main/AndroidManifest.xml:12:9-26:20
50            android:name="dev.nuagemagique.tsb.MainActivity"
50-->src/main/AndroidManifest.xml:14:13-41
51            android:configChanges="orientation|keyboardHidden|keyboard|screenSize|locale|smallestScreenSize|screenLayout|uiMode|navigation|density"
51-->src/main/AndroidManifest.xml:13:13-148
52            android:exported="true"
52-->src/main/AndroidManifest.xml:19:13-36
53            android:label="@string/title_activity_main"
53-->src/main/AndroidManifest.xml:15:13-56
54            android:launchMode="singleTask"
54-->src/main/AndroidManifest.xml:17:13-44
55            android:screenOrientation="portrait"
55-->src/main/AndroidManifest.xml:18:13-49
56            android:theme="@style/AppTheme.NoActionBarLaunch" >
56-->src/main/AndroidManifest.xml:16:13-62
57            <intent-filter>
57-->src/main/AndroidManifest.xml:21:13-24:29
58                <action android:name="android.intent.action.MAIN" />
58-->src/main/AndroidManifest.xml:22:17-69
58-->src/main/AndroidManifest.xml:22:25-66
59
60                <category android:name="android.intent.category.LAUNCHER" />
60-->src/main/AndroidManifest.xml:23:17-77
60-->src/main/AndroidManifest.xml:23:27-74
61            </intent-filter>
62        </activity>
63
64        <provider
65            android:name="androidx.core.content.FileProvider"
65-->src/main/AndroidManifest.xml:29:13-62
66            android:authorities="dev.nuagemagique.tsb.fileprovider"
66-->src/main/AndroidManifest.xml:30:13-64
67            android:exported="false"
67-->src/main/AndroidManifest.xml:31:13-37
68            android:grantUriPermissions="true" >
68-->src/main/AndroidManifest.xml:32:13-47
69            <meta-data
69-->src/main/AndroidManifest.xml:33:13-35:64
70                android:name="android.support.FILE_PROVIDER_PATHS"
70-->src/main/AndroidManifest.xml:34:17-67
71                android:resource="@xml/file_paths" />
71-->src/main/AndroidManifest.xml:35:17-51
72        </provider>
73
74        <service
74-->[:capacitor-push-notifications] AndroidManifest.xml:8:9-14:19
75            android:name="com.capacitorjs.plugins.pushnotifications.MessagingService"
75-->[:capacitor-push-notifications] AndroidManifest.xml:9:13-86
76            android:exported="false" >
76-->[:capacitor-push-notifications] AndroidManifest.xml:10:13-37
77            <intent-filter>
77-->[:capacitor-push-notifications] AndroidManifest.xml:11:13-13:29
78                <action android:name="com.google.firebase.MESSAGING_EVENT" />
78-->[:capacitor-push-notifications] AndroidManifest.xml:12:17-78
78-->[:capacitor-push-notifications] AndroidManifest.xml:12:25-75
79            </intent-filter>
80        </service>
81
82        <receiver
82-->[com.google.firebase:firebase-messaging:25.0.1] AndroidManifest.xml:29:9-40:20
83            android:name="com.google.firebase.iid.FirebaseInstanceIdReceiver"
83-->[com.google.firebase:firebase-messaging:25.0.1] AndroidManifest.xml:30:13-78
84            android:exported="true"
84-->[com.google.firebase:firebase-messaging:25.0.1] AndroidManifest.xml:31:13-36
85            android:permission="com.google.android.c2dm.permission.SEND" >
85-->[com.google.firebase:firebase-messaging:25.0.1] AndroidManifest.xml:32:13-73
86            <intent-filter>
86-->[com.google.firebase:firebase-messaging:25.0.1] AndroidManifest.xml:33:13-35:29
87                <action android:name="com.google.android.c2dm.intent.RECEIVE" />
87-->[com.google.firebase:firebase-messaging:25.0.1] AndroidManifest.xml:34:17-81
87-->[com.google.firebase:firebase-messaging:25.0.1] AndroidManifest.xml:34:25-78
88            </intent-filter>
89
90            <meta-data
90-->[com.google.firebase:firebase-messaging:25.0.1] AndroidManifest.xml:37:13-39:40
91                android:name="com.google.android.gms.cloudmessaging.FINISHED_AFTER_HANDLED"
91-->[com.google.firebase:firebase-messaging:25.0.1] AndroidManifest.xml:38:17-92
92                android:value="true" />
92-->[com.google.firebase:firebase-messaging:25.0.1] AndroidManifest.xml:39:17-37
93        </receiver>
94        <!--
95             FirebaseMessagingService performs security checks at runtime,
96             but set to not exported to explicitly avoid allowing another app to call it.
97        -->
98        <service
98-->[com.google.firebase:firebase-messaging:25.0.1] AndroidManifest.xml:46:9-53:19
99            android:name="com.google.firebase.messaging.FirebaseMessagingService"
99-->[com.google.firebase:firebase-messaging:25.0.1] AndroidManifest.xml:47:13-82
100            android:directBootAware="true"
100-->[com.google.firebase:firebase-messaging:25.0.1] AndroidManifest.xml:48:13-43
101            android:exported="false" >
101-->[com.google.firebase:firebase-messaging:25.0.1] AndroidManifest.xml:49:13-37
102            <intent-filter android:priority="-500" >
102-->[:capacitor-push-notifications] AndroidManifest.xml:11:13-13:29
103                <action android:name="com.google.firebase.MESSAGING_EVENT" />
103-->[:capacitor-push-notifications] AndroidManifest.xml:12:17-78
103-->[:capacitor-push-notifications] AndroidManifest.xml:12:25-75
104            </intent-filter>
105        </service>
106        <service
106-->[com.google.firebase:firebase-messaging:25.0.1] AndroidManifest.xml:54:9-63:19
107            android:name="com.google.firebase.components.ComponentDiscoveryService"
107-->[com.google.firebase:firebase-messaging:25.0.1] AndroidManifest.xml:55:13-84
108            android:directBootAware="true"
108-->[com.google.firebase:firebase-common:22.0.1] AndroidManifest.xml:32:13-43
109            android:exported="false" >
109-->[com.google.firebase:firebase-messaging:25.0.1] AndroidManifest.xml:56:13-37
110            <meta-data
110-->[com.google.firebase:firebase-messaging:25.0.1] AndroidManifest.xml:57:13-59:85
111                android:name="com.google.firebase.components:com.google.firebase.messaging.FirebaseMessagingKtxRegistrar"
111-->[com.google.firebase:firebase-messaging:25.0.1] AndroidManifest.xml:58:17-122
112                android:value="com.google.firebase.components.ComponentRegistrar" />
112-->[com.google.firebase:firebase-messaging:25.0.1] AndroidManifest.xml:59:17-82
113            <meta-data
113-->[com.google.firebase:firebase-messaging:25.0.1] AndroidManifest.xml:60:13-62:85
114                android:name="com.google.firebase.components:com.google.firebase.messaging.FirebaseMessagingRegistrar"
114-->[com.google.firebase:firebase-messaging:25.0.1] AndroidManifest.xml:61:17-119
115                android:value="com.google.firebase.components.ComponentRegistrar" />
115-->[com.google.firebase:firebase-messaging:25.0.1] AndroidManifest.xml:62:17-82
116            <meta-data
116-->[com.google.firebase:firebase-installations:18.0.0] AndroidManifest.xml:15:13-17:85
117                android:name="com.google.firebase.components:com.google.firebase.installations.FirebaseInstallationsKtxRegistrar"
117-->[com.google.firebase:firebase-installations:18.0.0] AndroidManifest.xml:16:17-130
118                android:value="com.google.firebase.components.ComponentRegistrar" />
118-->[com.google.firebase:firebase-installations:18.0.0] AndroidManifest.xml:17:17-82
119            <meta-data
119-->[com.google.firebase:firebase-installations:18.0.0] AndroidManifest.xml:18:13-20:85
120                android:name="com.google.firebase.components:com.google.firebase.installations.FirebaseInstallationsRegistrar"
120-->[com.google.firebase:firebase-installations:18.0.0] AndroidManifest.xml:19:17-127
121                android:value="com.google.firebase.components.ComponentRegistrar" />
121-->[com.google.firebase:firebase-installations:18.0.0] AndroidManifest.xml:20:17-82
122            <meta-data
122-->[com.google.firebase:firebase-common:22.0.1] AndroidManifest.xml:35:13-37:85
123                android:name="com.google.firebase.components:com.google.firebase.FirebaseCommonKtxRegistrar"
123-->[com.google.firebase:firebase-common:22.0.1] AndroidManifest.xml:36:17-109
124                android:value="com.google.firebase.components.ComponentRegistrar" />
124-->[com.google.firebase:firebase-common:22.0.1] AndroidManifest.xml:37:17-82
125            <meta-data
125-->[com.google.firebase:firebase-datatransport:18.2.0] AndroidManifest.xml:25:13-27:85
126                android:name="com.google.firebase.components:com.google.firebase.datatransport.TransportRegistrar"
126-->[com.google.firebase:firebase-datatransport:18.2.0] AndroidManifest.xml:26:17-115
127                android:value="com.google.firebase.components.ComponentRegistrar" />
127-->[com.google.firebase:firebase-datatransport:18.2.0] AndroidManifest.xml:27:17-82
128        </service>
129
130        <activity
130-->[com.google.android.gms:play-services-base:18.1.0] AndroidManifest.xml:20:9-22:45
131            android:name="com.google.android.gms.common.api.GoogleApiActivity"
131-->[com.google.android.gms:play-services-base:18.1.0] AndroidManifest.xml:20:19-85
132            android:exported="false"
132-->[com.google.android.gms:play-services-base:18.1.0] AndroidManifest.xml:22:19-43
133            android:theme="@android:style/Theme.Translucent.NoTitleBar" />
133-->[com.google.android.gms:play-services-base:18.1.0] AndroidManifest.xml:21:19-78
134
135        <provider
135-->[com.google.firebase:firebase-common:22.0.1] AndroidManifest.xml:23:9-28:39
136            android:name="com.google.firebase.provider.FirebaseInitProvider"
136-->[com.google.firebase:firebase-common:22.0.1] AndroidManifest.xml:24:13-77
137            android:authorities="dev.nuagemagique.tsb.firebaseinitprovider"
137-->[com.google.firebase:firebase-common:22.0.1] AndroidManifest.xml:25:13-72
138            android:directBootAware="true"
138-->[com.google.firebase:firebase-common:22.0.1] AndroidManifest.xml:26:13-43
139            android:exported="false"
139-->[com.google.firebase:firebase-common:22.0.1] AndroidManifest.xml:27:13-37
140            android:initOrder="100" />
140-->[com.google.firebase:firebase-common:22.0.1] AndroidManifest.xml:28:13-36
141        <provider
141-->[androidx.emoji2:emoji2:1.3.0] AndroidManifest.xml:24:9-32:20
142            android:name="androidx.startup.InitializationProvider"
142-->[androidx.emoji2:emoji2:1.3.0] AndroidManifest.xml:25:13-67
143            android:authorities="dev.nuagemagique.tsb.androidx-startup"
143-->[androidx.emoji2:emoji2:1.3.0] AndroidManifest.xml:26:13-68
144            android:exported="false" >
144-->[androidx.emoji2:emoji2:1.3.0] AndroidManifest.xml:27:13-37
145            <meta-data
145-->[androidx.emoji2:emoji2:1.3.0] AndroidManifest.xml:29:13-31:52
146                android:name="androidx.emoji2.text.EmojiCompatInitializer"
146-->[androidx.emoji2:emoji2:1.3.0] AndroidManifest.xml:30:17-75
147                android:value="androidx.startup" />
147-->[androidx.emoji2:emoji2:1.3.0] AndroidManifest.xml:31:17-49
148            <meta-data
148-->[androidx.lifecycle:lifecycle-process:2.6.2] AndroidManifest.xml:29:13-31:52
149                android:name="androidx.lifecycle.ProcessLifecycleInitializer"
149-->[androidx.lifecycle:lifecycle-process:2.6.2] AndroidManifest.xml:30:17-78
150                android:value="androidx.startup" />
150-->[androidx.lifecycle:lifecycle-process:2.6.2] AndroidManifest.xml:31:17-49
151            <meta-data
151-->[androidx.profileinstaller:profileinstaller:1.4.0] AndroidManifest.xml:29:13-31:52
152                android:name="androidx.profileinstaller.ProfileInstallerInitializer"
152-->[androidx.profileinstaller:profileinstaller:1.4.0] AndroidManifest.xml:30:17-85
153                android:value="androidx.startup" />
153-->[androidx.profileinstaller:profileinstaller:1.4.0] AndroidManifest.xml:31:17-49
154        </provider>
155
156        <meta-data
156-->[com.google.android.gms:play-services-basement:18.3.0] AndroidManifest.xml:21:9-23:69
157            android:name="com.google.android.gms.version"
157-->[com.google.android.gms:play-services-basement:18.3.0] AndroidManifest.xml:22:13-58
158            android:value="@integer/google_play_services_version" />
158-->[com.google.android.gms:play-services-basement:18.3.0] AndroidManifest.xml:23:13-66
159
160        <receiver
160-->[androidx.profileinstaller:profileinstaller:1.4.0] AndroidManifest.xml:34:9-52:20
161            android:name="androidx.profileinstaller.ProfileInstallReceiver"
161-->[androidx.profileinstaller:profileinstaller:1.4.0] AndroidManifest.xml:35:13-76
162            android:directBootAware="false"
162-->[androidx.profileinstaller:profileinstaller:1.4.0] AndroidManifest.xml:36:13-44
163            android:enabled="true"
163-->[androidx.profileinstaller:profileinstaller:1.4.0] AndroidManifest.xml:37:13-35
164            android:exported="true"
164-->[androidx.profileinstaller:profileinstaller:1.4.0] AndroidManifest.xml:38:13-36
165            android:permission="android.permission.DUMP" >
165-->[androidx.profileinstaller:profileinstaller:1.4.0] AndroidManifest.xml:39:13-57
166            <intent-filter>
166-->[androidx.profileinstaller:profileinstaller:1.4.0] AndroidManifest.xml:40:13-42:29
167                <action android:name="androidx.profileinstaller.action.INSTALL_PROFILE" />
167-->[androidx.profileinstaller:profileinstaller:1.4.0] AndroidManifest.xml:41:17-91
167-->[androidx.profileinstaller:profileinstaller:1.4.0] AndroidManifest.xml:41:25-88
168            </intent-filter>
169            <intent-filter>
169-->[androidx.profileinstaller:profileinstaller:1.4.0] AndroidManifest.xml:43:13-45:29
170                <action android:name="androidx.profileinstaller.action.SKIP_FILE" />
170-->[androidx.profileinstaller:profileinstaller:1.4.0] AndroidManifest.xml:44:17-85
170-->[androidx.profileinstaller:profileinstaller:1.4.0] AndroidManifest.xml:44:25-82
171            </intent-filter>
172            <intent-filter>
172-->[androidx.profileinstaller:profileinstaller:1.4.0] AndroidManifest.xml:46:13-48:29
173                <action android:name="androidx.profileinstaller.action.SAVE_PROFILE" />
173-->[androidx.profileinstaller:profileinstaller:1.4.0] AndroidManifest.xml:47:17-88
173-->[androidx.profileinstaller:profileinstaller:1.4.0] AndroidManifest.xml:47:25-85
174            </intent-filter>
175            <intent-filter>
175-->[androidx.profileinstaller:profileinstaller:1.4.0] AndroidManifest.xml:49:13-51:29
176                <action android:name="androidx.profileinstaller.action.BENCHMARK_OPERATION" />
176-->[androidx.profileinstaller:profileinstaller:1.4.0] AndroidManifest.xml:50:17-95
176-->[androidx.profileinstaller:profileinstaller:1.4.0] AndroidManifest.xml:50:25-92
177            </intent-filter>
178        </receiver>
179
180        <service
180-->[com.google.android.datatransport:transport-backend-cct:3.1.9] AndroidManifest.xml:28:9-34:19
181            android:name="com.google.android.datatransport.runtime.backends.TransportBackendDiscovery"
181-->[com.google.android.datatransport:transport-backend-cct:3.1.9] AndroidManifest.xml:29:13-103
182            android:exported="false" >
182-->[com.google.android.datatransport:transport-backend-cct:3.1.9] AndroidManifest.xml:30:13-37
183            <meta-data
183-->[com.google.android.datatransport:transport-backend-cct:3.1.9] AndroidManifest.xml:31:13-33:39
184                android:name="backend:com.google.android.datatransport.cct.CctBackendFactory"
184-->[com.google.android.datatransport:transport-backend-cct:3.1.9] AndroidManifest.xml:32:17-94
185                android:value="cct" />
185-->[com.google.android.datatransport:transport-backend-cct:3.1.9] AndroidManifest.xml:33:17-36
186        </service>
187        <service
187-->[com.google.android.datatransport:transport-runtime:3.1.9] AndroidManifest.xml:26:9-30:19
188            android:name="com.google.android.datatransport.runtime.scheduling.jobscheduling.JobInfoSchedulerService"
188-->[com.google.android.datatransport:transport-runtime:3.1.9] AndroidManifest.xml:27:13-117
189            android:exported="false"
189-->[com.google.android.datatransport:transport-runtime:3.1.9] AndroidManifest.xml:28:13-37
190            android:permission="android.permission.BIND_JOB_SERVICE" >
190-->[com.google.android.datatransport:transport-runtime:3.1.9] AndroidManifest.xml:29:13-69
191        </service>
192
193        <receiver
193-->[com.google.android.datatransport:transport-runtime:3.1.9] AndroidManifest.xml:32:9-34:40
194            android:name="com.google.android.datatransport.runtime.scheduling.jobscheduling.AlarmManagerSchedulerBroadcastReceiver"
194-->[com.google.android.datatransport:transport-runtime:3.1.9] AndroidManifest.xml:33:13-132
195            android:exported="false" />
195-->[com.google.android.datatransport:transport-runtime:3.1.9] AndroidManifest.xml:34:13-37
196    </application>
197
198</manifest>